doctor/build/app/intermediates/manifest_merge_blame_file/debug/manifest-merger-blame-debug-report.txt
1<?xml version="1.0" encoding="utf-8"?>
2<manifest xmlns:android="http://schemas.android.com/apk/res/android"
3    package="net.sudacoder.com.doctor_app"
4    android:versionCode="1"
5    android:versionName="1.0.0" >
6
7    <uses-sdk
8        android:minSdkVersion="16"
9        android:targetSdkVersion="28" />
10    <!--
11         Flutter needs it to communicate with the running application
12         to allow setting breakpoints, to provide hot reload, etc.
13    -->
14    <uses-permission android:name="android.permission.INTERNET" />
14-->src\main\AndroidManifest.xml:10:5-66
14-->src\main\AndroidManifest.xml:10:22-64
15    <uses-permission android:name="android.permission.VIBRATE" />
15-->src\main\AndroidManifest.xml:11:5-65
15-->src\main\AndroidManifest.xml:11:22-63
16    <uses-permission android:name="android.permission.ACCESS_FINE_LOCATION" />
16-->src\main\AndroidManifest.xml:12:5-79
16-->src\main\AndroidManifest.xml:12:22-76
17    <uses-permission android:name="android.permission.ACCESS_COARSE_LOCATION" />
17-->src\main\AndroidManifest.xml:13:5-81
17-->src\main\AndroidManifest.xml:13:22-78
18    <uses-permission android:name="android.permission.READ_SMS" />
18-->src\main\AndroidManifest.xml:16:5-67
18-->src\main\AndroidManifest.xml:16:22-64
19    <uses-permission android:name="android.permission.ACCESS_WIFI_STATE" />
19-->src\main\AndroidManifest.xml:17:5-76
19-->src\main\AndroidManifest.xml:17:22-73
20    <uses-permission android:name="android.permission.CHANGE_WIFI_MULTICAST_STATE" />
20-->src\main\AndroidManifest.xml:18:5-86
20-->src\main\AndroidManifest.xml:18:22-83
21    <uses-permission android:name="android.permission.CHANGE_WIFI_STATE" />
21-->src\main\AndroidManifest.xml:19:5-76
21-->src\main\AndroidManifest.xml:19:22-73
22    <uses-permission android:name="android.permission.READ_EXTERNAL_STORAGE" />
22-->[:image_picker] AndroidManifest.xml:7:5-80
22-->[:image_picker] AndroidManifest.xml:7:22-77
23    <uses-permission android:name="android.permission.WRITE_EXTERNAL_STORAGE" /> <!-- Include required permissions for Google Maps API to run. -->
23-->[:image_picker] AndroidManifest.xml:8:5-81
23-->[:image_picker] AndroidManifest.xml:8:22-78
24    <uses-permission android:name="android.permission.ACCESS_NETWORK_STATE" />
24-->[com.google.android.gms:play-services-maps:17.0.0] AndroidManifest.xml:23:5-79
24-->[com.google.android.gms:play-services-maps:17.0.0] AndroidManifest.xml:23:22-76
25
26    <uses-feature
26-->[com.google.android.gms:play-services-maps:17.0.0] AndroidManifest.xml:26:5-28:35
27        android:glEsVersion="0x00020000"
27-->[com.google.android.gms:play-services-maps:17.0.0] AndroidManifest.xml:27:9-41
28        android:required="true" />
28-->[com.google.android.gms:play-services-maps:17.0.0] AndroidManifest.xml:28:9-32
29
30    <application
30-->src\main\AndroidManifest.xml:22:5-67:19
31        android:name="io.flutter.app.FlutterApplication"
31-->src\main\AndroidManifest.xml:23:9-57
32        android:appComponentFactory="androidx.core.app.CoreComponentFactory"
32-->[androidx.core:core:1.1.0] AndroidManifest.xml:24:18-86
33        android:debuggable="true"
34        android:icon="@mipmap/ic_launcher"
34-->src\main\AndroidManifest.xml:25:9-43
35        android:label="Doctor App" >
35-->src\main\AndroidManifest.xml:24:9-35
36        <meta-data
36-->src\main\AndroidManifest.xml:28:9-29:70
37            android:name="com.google.android.geo.API_KEY"
37-->src\main\AndroidManifest.xml:28:20-65
38            android:value="AIzaSyDx7AYIfSJ9rfW1bDuQKOgn4sla7uhJpXg" />
38-->src\main\AndroidManifest.xml:29:13-68
39
40        <activity
40-->src\main\AndroidManifest.xml:33:9-61:20
41            android:name="net.sudacoder.com.doctor_app.MainActivity"
41-->src\main\AndroidManifest.xml:34:13-41
42            android:configChanges="orientation|keyboardHidden|keyboard|screenSize|smallestScreenSize|locale|layoutDirection|fontScale|screenLayout|density|uiMode"
42-->src\main\AndroidManifest.xml:37:13-163
43            android:hardwareAccelerated="true"
43-->src\main\AndroidManifest.xml:38:13-47
44            android:launchMode="singleTop"
44-->src\main\AndroidManifest.xml:35:13-43
45            android:theme="@style/LaunchTheme"
45-->src\main\AndroidManifest.xml:36:13-47
46            android:windowSoftInputMode="adjustResize" >
46-->src\main\AndroidManifest.xml:39:13-55
47
48            <!--
49                 Specifies an Android theme to apply to this Activity as soon as
50                 the Android process has started. This theme is visible to the user
51                 while the Flutter UI initializes. After that, this theme continues
52                 to determine the Window background behind the Flutter UI.
53            -->
54            <meta-data
54-->src\main\AndroidManifest.xml:44:13-47:17
55                android:name="io.flutter.embedding.android.NormalTheme"
55-->src\main\AndroidManifest.xml:45:15-70
56                android:resource="@style/NormalTheme" />
56-->src\main\AndroidManifest.xml:46:15-52
57            <!--
58                 Displays an Android View that continues showing the launch screen
59                 Drawable until Flutter paints its first frame, then this splash
60                 screen fades out. A splash screen is useful to avoid any visual
61                 gap between the end of Android's launch screen and the painting of
62                 Flutter's first frame.
63            -->
64            <meta-data
64-->src\main\AndroidManifest.xml:53:13-56:17
65                android:name="io.flutter.embedding.android.SplashScreenDrawable"
65-->src\main\AndroidManifest.xml:54:15-79
66                android:resource="@drawable/launch_background" />
66-->src\main\AndroidManifest.xml:55:15-61
67
68            <intent-filter>
68-->src\main\AndroidManifest.xml:57:13-60:29
69                <action android:name="android.intent.action.MAIN" />
69-->src\main\AndroidManifest.xml:58:17-68
69-->src\main\AndroidManifest.xml:58:25-66
70
71                <category android:name="android.intent.category.LAUNCHER" />
71-->src\main\AndroidManifest.xml:59:17-76
71-->src\main\AndroidManifest.xml:59:27-74
72            </intent-filter>
73        </activity>
74        <!--
75             Don't delete the meta-data below.
76             This is used by the Flutter tool to generate GeneratedPluginRegistrant.java
77        -->
78        <meta-data
78-->src\main\AndroidManifest.xml:64:9-66:33
79            android:name="flutterEmbedding"
79-->src\main\AndroidManifest.xml:65:13-44
80            android:value="2" />
80-->src\main\AndroidManifest.xml:66:13-30
81
82        <provider
82-->[:image_picker] AndroidManifest.xml:11:9-19:20
83            android:name="io.flutter.plugins.imagepicker.ImagePickerFileProvider"
83-->[:image_picker] AndroidManifest.xml:12:13-82
84            android:authorities="net.sudacoder.com.doctor_app.flutter.image_provider"
84-->[:image_picker] AndroidManifest.xml:13:13-74
85            android:exported="false"
85-->[:image_picker] AndroidManifest.xml:14:13-37
86            android:grantUriPermissions="true" >
86-->[:image_picker] AndroidManifest.xml:15:13-47
87            <meta-data
87-->[:image_picker] AndroidManifest.xml:16:13-18:75
88                android:name="android.support.FILE_PROVIDER_PATHS"
88-->[:image_picker] AndroidManifest.xml:17:17-67
89                android:resource="@xml/flutter_image_picker_file_paths" />
89-->[:image_picker] AndroidManifest.xml:18:17-72
90        </provider> <!-- Needs to be explicitly declared on P+ -->
91        <uses-library
91-->[com.google.android.gms:play-services-maps:17.0.0] AndroidManifest.xml:33:9-35:40
92            android:name="org.apache.http.legacy"
92-->[com.google.android.gms:play-services-maps:17.0.0] AndroidManifest.xml:34:13-50
93            android:required="false" />
93-->[com.google.android.gms:play-services-maps:17.0.0] AndroidManifest.xml:35:13-37
94
95        <activity
95-->[com.google.android.gms:play-services-base:17.0.0] AndroidManifest.xml:23:9-26:75
96            android:name="com.google.android.gms.common.api.GoogleApiActivity"
96-->[com.google.android.gms:play-services-base:17.0.0] AndroidManifest.xml:24:13-79
97            android:exported="false"
97-->[com.google.android.gms:play-services-base:17.0.0] AndroidManifest.xml:25:13-37
98            android:theme="@android:style/Theme.Translucent.NoTitleBar" />
98-->[com.google.android.gms:play-services-base:17.0.0] AndroidManifest.xml:26:13-72
99
100        <meta-data
100-->[com.google.android.gms:play-services-basement:17.0.0] AndroidManifest.xml:23:9-25:69
101            android:name="com.google.android.gms.version"
101-->[com.google.android.gms:play-services-basement:17.0.0] AndroidManifest.xml:24:13-58
102            android:value="@integer/google_play_services_version" />
102-->[com.google.android.gms:play-services-basement:17.0.0] AndroidManifest.xml:25:13-66
103    </application>
104
105</manifest>